Arguments: 
  /usr/local/Cellar/node/11.10.1/bin/node /usr/local/Cellar/yarn/1.13.0/libexec/bin/yarn.js install

PATH: 
  /Users/josefina/.rvm/gems/ruby-2.4.1/bin:/Users/josefina/.rvm/gems/ruby-2.4.1@global/bin:/Users/josefina/.rvm/rubies/ruby-2.4.1/bin:/Users/josefina/.rvm/bin:/Users/josefina/Library/Android/sdk/platform-tools:/Users/josefina/Library/Android/sdk/tools:/Users/josefina/Library/Android/sdk/platform-tools:/usr/local/mysql/bin:/usr/local/bin:/usr/bin:/bin:/usr/sbin:/sbin

Yarn version: 
  1.13.0

Node version: 
  11.10.1

Platform: 
  darwin x64

Trace: 
  SyntaxError: /Users/josefina/Nnodes/init_project512/package.json: Unexpected token / in JSON at position 111
      at JSON.parse (<anonymous>)
      at /usr/local/Cellar/yarn/1.13.0/libexec/lib/cli.js:1625:59
      at Generator.next (<anonymous>)
      at step (/usr/local/Cellar/yarn/1.13.0/libexec/lib/cli.js:304:30)
      at /usr/local/Cellar/yarn/1.13.0/libexec/lib/cli.js:315:13

npm manifest: 
  {
    "name": "init_project512",
    "private": true,
    "dependencies": {
      "datatables.net-bs4": "^1.10.19"
      // "jquery": "^3.2.1"
    }
  }

yarn manifest: 
  No manifest

Lockfile: 
  # THIS IS AN AUTOGENERATED FILE. DO NOT EDIT THIS FILE DIRECTLY.
  # yarn lockfile v1
  
  
  datatables.net-bs4@^1.10.19:
    version "1.10.19"
    resolved "https://registry.yarnpkg.com/datatables.net-bs4/-/datatables.net-bs4-1.10.19.tgz#0608dff22008cf3c7b8a68b1bc702ed255b404fb"
    integrity sha512-pgeP17w4aPR7HIxIwuJghfqXULjdg1K6xMUUKDyCERJRSNNK4MRToFfELtIsluLNN555YBK4Kx8nihX5/ZT1Fw==
    dependencies:
      datatables.net "1.10.19"
      jquery ">=1.7"
  
  datatables.net@1.10.19:
    version "1.10.19"
    resolved "https://registry.yarnpkg.com/datatables.net/-/datatables.net-1.10.19.tgz#97a1ed41c85e62d61040603481b59790a172dd1f"
    integrity sha512-+ljXcI6Pj3PTGy5pesp3E5Dr3x3AV45EZe0o1r0gKENN2gafBKXodVnk2ypKwl2tTmivjxbkiqoWnipTefyBTA==
    dependencies:
      jquery ">=1.7"
  
  jquery@>=1.7, jquery@^3.2.1:
    version "3.3.1"
    resolved "https://registry.yarnpkg.com/jquery/-/jquery-3.3.1.tgz#958ce29e81c9790f31be7792df5d4d95fc57fbca"
    integrity sha512-Ubldcmxp5np52/ENotGxlLe6aGMvmF4R8S6tZjsP6Knsaxd/xp3Zrh50cG93lR6nPXyUFwzN3ZSOQI0wRJNdGg==
